[debug] [2024-02-06T07:18:21.396Z] ----------------------------------------------------------------------
[debug] [2024-02-06T07:18:21.399Z] Command:       /usr/local/bin/node /usr/local/bin/firebase init hosting
[debug] [2024-02-06T07:18:21.400Z] CLI Version:   13.1.0
[debug] [2024-02-06T07:18:21.400Z] Platform:      darwin
[debug] [2024-02-06T07:18:21.400Z] Node Version:  v20.10.0
[debug] [2024-02-06T07:18:21.400Z] Time:          Tue Feb 06 2024 12:48:21 GMT+0530 (India Standard Time)
[debug] [2024-02-06T07:18:21.400Z] ----------------------------------------------------------------------
[debug] 
[debug] [2024-02-06T07:18:21.405Z] > command requires scopes: ["email","openid","https://www.googleapis.com/auth/cloudplatformprojects.readonly","https://www.googleapis.com/auth/firebase","https://www.googleapis.com/auth/cloud-platform"]
[debug] [2024-02-06T07:18:21.405Z] > authorizing via signed-in user (saurav.kandari.123@gmail.com)
[info] 
     ######## #### ########  ######## ########     ###     ######  ########
     ##        ##  ##     ## ##       ##     ##  ##   ##  ##       ##
     ######    ##  ########  ######   ########  #########  ######  ######
     ##        ##  ##    ##  ##       ##     ## ##     ##       ## ##
     ##       #### ##     ## ######## ########  ##     ##  ######  ########

You're about to initialize a Firebase project in this directory:

  /Users/sauravkandari/my-dsa-tracker

Before we get started, keep in mind:

  * You are currently outside your home directory

[info] 
=== Project Setup
[info] 
[info] First, let's associate this project directory with a Firebase project.
[info] You can create multiple project aliases by running firebase use --add, 
[info] but for now we'll just set up a default project.
[info] 
[debug] [2024-02-06T07:18:29.324Z] >>> [apiv2][query] GET https://firebase.googleapis.com/v1beta1/projects pageSize=100
[debug] [2024-02-06T07:18:31.127Z] <<< [apiv2][status] GET https://firebase.googleapis.com/v1beta1/projects 200
[debug] [2024-02-06T07:18:31.127Z] <<< [apiv2][body] GET https://firebase.googleapis.com/v1beta1/projects [omitted]
[info] i  Using project my-dsa-tracker-fd2ca (My DSA Tracker) 
[info] 
=== Hosting Setup
[debug] [2024-02-06T07:18:32.648Z] >>> [apiv2][query] GET https://firebase.googleapis.com/v1beta1/projects/my-dsa-tracker-fd2ca [none]
[debug] [2024-02-06T07:18:33.370Z] <<< [apiv2][status] GET https://firebase.googleapis.com/v1beta1/projects/my-dsa-tracker-fd2ca 200
[debug] [2024-02-06T07:18:33.370Z] <<< [apiv2][body] GET https://firebase.googleapis.com/v1beta1/projects/my-dsa-tracker-fd2ca {"projectId":"my-dsa-tracker-fd2ca","projectNumber":"656152840328","displayName":"My DSA Tracker","name":"projects/my-dsa-tracker-fd2ca","resources":{"hostingSite":"my-dsa-tracker-fd2ca"},"state":"ACTIVE","etag":"1_4e5c1264-7763-42b4-80cd-5ad8c245aec6"}
[info] 
[info] Your public directory is the folder (relative to your project directory) that
[info] will contain Hosting assets to be uploaded with firebase deploy. If you
[info] have a build process for your assets, use your build's output directory.
[info] 
[info] ✔  Wrote public/404.html 
[debug] [2024-02-06T07:18:58.640Z] >>> [apiv2][query] GET https://www.gstatic.com/firebasejs/releases.json [none]
[debug] [2024-02-06T07:18:58.815Z] <<< [apiv2][status] GET https://www.gstatic.com/firebasejs/releases.json 200
[debug] [2024-02-06T07:18:58.815Z] <<< [apiv2][body] GET https://www.gstatic.com/firebasejs/releases.json {"current":{"version":"10.8.0","browserURL":"https://www.gstatic.com/firebasejs/10.8.0/firebase.js","packageURL":"https://www.gstatic.com/firebasejs/10.8.0/firebase.tgz"},"live":{"version":"10.8","browserURL":"https://www.gstatic.com/firebasejs/live/10.8/firebase.js","packageURL":"https://www.gstatic.com/firebasejs/live/10.8/firebase.tgz"},"components":{"analytics":"https://www.gstatic.com/firebasejs/10.8.0/firebase-analytics.js","app":"https://www.gstatic.com/firebasejs/10.8.0/firebase-app.js","app-check":"https://www.gstatic.com/firebasejs/10.8.0/firebase-app-check.js","auth":"https://www.gstatic.com/firebasejs/10.8.0/firebase-auth.js","auth/cordova":"https://www.gstatic.com/firebasejs/10.8.0/firebase-auth/cordova.js","auth/web-extension":"https://www.gstatic.com/firebasejs/10.8.0/firebase-auth/web-extension.js","functions":"https://www.gstatic.com/firebasejs/10.8.0/firebase-functions.js","firestore":"https://www.gstatic.com/firebasejs/10.8.0/firebase-firestore.js","firestore/lite":"https://www.gstatic.com/firebasejs/10.8.0/firebase-firestore/lite.js","installations":"https://www.gstatic.com/firebasejs/10.8.0/firebase-installations.js","storage":"https://www.gstatic.com/firebasejs/10.8.0/firebase-storage.js","performance":"https://www.gstatic.com/firebasejs/10.8.0/firebase-performance.js","remote-config":"https://www.gstatic.com/firebasejs/10.8.0/firebase-remote-config.js","messaging":"https://www.gstatic.com/firebasejs/10.8.0/firebase-messaging.js","messaging/sw":"https://www.gstatic.com/firebasejs/10.8.0/firebase-messaging/sw.js","database":"https://www.gstatic.com/firebasejs/10.8.0/firebase-database.js","firestore.memory":"https://www.gstatic.com/firebasejs/10.8.0/firebase-firestore.memory.js"}}
[info] ✔  Wrote public/index.html 
[info] 
[info] i  Didn't detect a .git folder. Assuming /Users/sauravkandari/my-dsa-tracker is the project root. 
[info] i  Authorizing with GitHub to upload your service account to a GitHub repository's secrets store. 
[info] 
[info] Visit this URL on this device to log in:
[info] https://github.com/login/oauth/authorize?client_id=89cf50f02ac6aaed3484&state=151589338&redirect_uri=http%3A%2F%2Flocalhost%3A9005&scope=read%3Auser%20repo%20public_repo
[info] 
[info] Waiting for authentication...
[debug] [2024-02-06T07:20:08.473Z] >>> [apiv2][query] POST https://github.com/login/oauth/access_token [none]
[debug] [2024-02-06T07:20:08.474Z] >>> [apiv2][body] POST https://github.com/login/oauth/access_token [stream]
[debug] [2024-02-06T07:20:08.909Z] <<< [apiv2][status] POST https://github.com/login/oauth/access_token 200
[debug] [2024-02-06T07:20:08.909Z] <<< [apiv2][body] POST https://github.com/login/oauth/access_token {"access_token":"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","token_type":"bearer","scope":"read:user,repo"}
[debug] [2024-02-06T07:20:08.915Z] >>> [apiv2][query] GET https://api.github.com/user [none]
[debug] [2024-02-06T07:20:09.317Z] <<< [apiv2][status] GET https://api.github.com/user 200
[debug] [2024-02-06T07:20:09.317Z] <<< [apiv2][body] GET https://api.github.com/user {"login":"saurav-kandari","id":61472454,"node_id":"MDQ6VXNlcjYxNDcyNDU0","avatar_url":"https://avatars.githubusercontent.com/u/61472454?v=4","gravatar_id":"","url":"https://api.github.com/users/saurav-kandari","html_url":"https://github.com/saurav-kandari","followers_url":"https://api.github.com/users/saurav-kandari/followers","following_url":"https://api.github.com/users/saurav-kandari/following{/other_user}","gists_url":"https://api.github.com/users/saurav-kandari/gists{/gist_id}","starred_url":"https://api.github.com/users/saurav-kandari/starred{/owner}{/repo}","subscriptions_url":"https://api.github.com/users/saurav-kandari/subscriptions","organizations_url":"https://api.github.com/users/saurav-kandari/orgs","repos_url":"https://api.github.com/users/saurav-kandari/repos","events_url":"https://api.github.com/users/saurav-kandari/events{/privacy}","received_events_url":"https://api.github.com/users/saurav-kandari/received_events","type":"User","site_admin":false,"name":"Saurav Kandari","company":null,"blog":"","location":"Haridwar,Uttarakhand","email":null,"hireable":null,"bio":"I constantly seeks out innovative solutions to everyday problems.","twitter_username":null,"public_repos":15,"public_gists":0,"followers":0,"following":0,"created_at":"2020-02-25T18:08:37Z","updated_at":"2024-02-01T09:36:49Z","private_gists":0,"total_private_repos":0,"owned_private_repos":0,"disk_usage":8132,"collaborators":0,"two_factor_authentication":false,"plan":{"name":"free","space":976562499,"collaborators":0,"private_repos":10000}}
[info] 
[info] ✔  Success! Logged into GitHub as saurav-kandari 
[info] 
